#
# There is insufficient memory for the Java Runtime Environment to continue.
# Native memory allocation (mmap) failed to map 100663296 bytes for Failed to commit area from 0x00000000a1000000 to 0x00000000a7000000 of length 100663296.
# Possible reasons:
#   The system is out of physical RAM or swap space
#   The process is running with CompressedOops enabled, and the Java Heap may be blocking the growth of the native heap
# Possible solutions:
#   Reduce memory load on the system
#   Increase physical memory or swap space
#   Check if swap backing store is full
#   Decrease Java heap size (-Xmx/-Xms)
#   Decrease number of Java threads
#   Decrease Java thread stack sizes (-Xss)
#   Set larger code cache with -XX:ReservedCodeCacheSize=
# This output file may be truncated or incomplete.
#
#  Out of Memory Error (./open/src/hotspot/os/windows/os_windows.cpp:3292), pid=19264, tid=9952
#
# JRE version:  (11.0.18+9) (build )
# Java VM: Java HotSpot(TM) 64-Bit Server VM (11.0.18+9-LTS-195, mixed mode, sharing, tiered, compressed oops, g1 gc, windows-amd64)
# No core dump will be written. Minidumps are not enabled by default on client versions of Windows
#

---------------  S U M M A R Y ------------

Command Line: -javaagent:C:\Program Files\JetBrains\IntelliJ IDEA Community Edition 2023.3.3\lib\idea_rt.jar=63844:C:\Program Files\JetBrains\IntelliJ IDEA Community Edition 2023.3.3\bin -Dfile.encoding=UTF-8 Main

Host: AMD Ryzen 5 PRO 3500U w/ Radeon Vega Mobile Gfx, 8 cores, 5G,  Windows 11 , 64 bit Build 22000 (10.0.22000.2600)
Time: Mon Mar 25 00:58:04 2024 India Standard Time elapsed time: 0.166666 seconds (0d 0h 0m 0s)

---------------  T H R E A D  ---------------

Current thread (0x00000187ff9d5800):  JavaThread "Unknown thread" [_thread_in_vm, id=9952, stack(0x0000005fe2500000,0x0000005fe2600000)]

Stack: [0x0000005fe2500000,0x0000005fe2600000]
Native frames: (J=compiled Java code, j=interpreted, Vv=VM code, C=native code)
V  [jvm.dll+0x65d8aa]
V  [jvm.dll+0x79fc1f]
V  [jvm.dll+0x7a12e9]
V  [jvm.dll+0x7a1983]
V  [jvm.dll+0x2585b5]
V  [jvm.dll+0x65ac09]
V  [jvm.dll+0x64f8e5]
V  [jvm.dll+0x311d4d]
V  [jvm.dll+0x311bb2]
V  [jvm.dll+0x3167e6]
V  [jvm.dll+0x35e8d0]
V  [jvm.dll+0x35e342]
V  [jvm.dll+0x2ed488]
V  [jvm.dll+0x2ee595]
V  [jvm.dll+0x779257]
V  [jvm.dll+0x77ab3f]
V  [jvm.dll+0x36bb59]
V  [jvm.dll+0x75dd4f]
V  [jvm.dll+0x3dd5b7]
V  [jvm.dll+0x3df661]
C  [jli.dll+0x52e7]
C  [ucrtbase.dll+0x26c0c]
C  [KERNEL32.DLL+0x153e0]
C  [ntdll.dll+0x485b]


---------------  P R O C E S S  ---------------

Threads class SMR info:
_java_thread_list=0x00000187fd8a8b00, length=0, elements={
}

Java Threads: ( => current thread )

Other Threads:
  0x00000187ff99c800 GCTaskThread "GC Thread#0" [stack: 0x0000005fe2600000,0x0000005fe2700000] [id=21684]
  0x00000187ff9c1800 ConcurrentGCThread "G1 Main Marker" [stack: 0x0000005fe2700000,0x0000005fe2800000] [id=4796]
  0x00000187ff9c2800 ConcurrentGCThread "G1 Conc#0" [stack: 0x0000005fe2800000,0x0000005fe2900000] [id=4440]

[error occurred during error reporting (printing all threads), id 0xc0000005, EXCEPTION_ACCESS_VIOLATION (0xc0000005) at pc=0x00007ffe79acded7]

VM state:not at safepoint (not fully initialized)

VM Mutex/Monitor currently owned by a thread:  ([mutex/lock_event])
[0x00000187ff9d2880] Heap_lock - owner thread: 0x00000187ff9d5800

Heap address: 0x00000000a1000000, size: 1520 MB, Compressed Oops mode: Non-zero based: 0x00000000a1000000
Narrow klass base: 0x0000000000000000, Narrow klass shift: 0

GC Heap History (0 events):
No events

Deoptimization events (0 events):
No events

Classes redefined (0 events):
No events

Internal exceptions (0 events):
No events

Events (0 events):
No events


Dynamic libraries:
0x00007ff7e9690000 - 0x00007ff7e96a0000 	C:\Program Files\Java\jdk-11\bin\java.exe
0x00007ffeee900000 - 0x00007ffeeeb09000 	C:\WINDOWS\SYSTEM32\ntdll.dll
0x00007ffeeddf0000 - 0x00007ffeedead000 	C:\WINDOWS\System32\KERNEL32.DLL
0x00007ffeec070000 - 0x00007ffeec3f5000 	C:\WINDOWS\System32\KERNELBASE.dll
0x00007ffeebd80000 - 0x00007ffeebe91000 	C:\WINDOWS\System32\ucrtbase.dll
0x00007ffed1710000 - 0x00007ffed1728000 	C:\Program Files\Java\jdk-11\bin\jli.dll
0x00007ffee00b0000 - 0x00007ffee00cb000 	C:\Program Files\Java\jdk-11\bin\VCRUNTIME140.dll
0x00007ffeec7a0000 - 0x00007ffeec851000 	C:\WINDOWS\System32\ADVAPI32.dll
0x00007ffeedeb0000 - 0x00007ffeedf53000 	C:\WINDOWS\System32\msvcrt.dll
0x00007ffeee4a0000 - 0x00007ffeee542000 	C:\WINDOWS\System32\sechost.dll
0x00007ffeebd50000 - 0x00007ffeebd77000 	C:\WINDOWS\System32\bcrypt.dll
0x00007ffeee550000 - 0x00007ffeee671000 	C:\WINDOWS\System32\RPCRT4.dll
0x00007ffeecda0000 - 0x00007ffeecf4c000 	C:\WINDOWS\System32\USER32.dll
0x00007ffed3f10000 - 0x00007ffed41b5000 	C:\WINDOWS\WinSxS\amd64_microsoft.windows.common-controls_6595b64144ccf1df_6.0.22000.2600_none_1b65155c6ae217ae\COMCTL32.dll
0x00007ffeee250000 - 0x00007ffeee279000 	C:\WINDOWS\System32\GDI32.dll
0x00007ffeec710000 - 0x00007ffeec736000 	C:\WINDOWS\System32\win32u.dll
0x00007ffeec570000 - 0x00007ffeec68b000 	C:\WINDOWS\System32\gdi32full.dll
0x00007ffeebea0000 - 0x00007ffeebf3d000 	C:\WINDOWS\System32\msvcp_win.dll
0x00007ffee1ea0000 - 0x00007ffee1eaa000 	C:\WINDOWS\SYSTEM32\VERSION.dll
0x00007ffeec860000 - 0x00007ffeec891000 	C:\WINDOWS\System32\IMM32.DLL
0x00007ffeeba60000 - 0x00007ffeebc00000 	C:\Program Files\Avecto\Privilege Guard Client\PGHook.dll
0x00007ffee00a0000 - 0x00007ffee00ac000 	C:\Program Files\Java\jdk-11\bin\vcruntime140_1.dll
0x00007ffebb230000 - 0x00007ffebb2be000 	C:\Program Files\Java\jdk-11\bin\msvcp140.dll
0x00007ffe797d0000 - 0x00007ffe7a338000 	C:\Program Files\Java\jdk-11\bin\server\jvm.dll
0x00007ffeed560000 - 0x00007ffeed568000 	C:\WINDOWS\System32\PSAPI.DLL
0x00007ffece0e0000 - 0x00007ffece0e9000 	C:\WINDOWS\SYSTEM32\WSOCK32.dll
0x00007ffeee280000 - 0x00007ffeee2ef000 	C:\WINDOWS\System32\WS2_32.dll
0x00007ffee3500000 - 0x00007ffee3533000 	C:\WINDOWS\SYSTEM32\WINMM.dll
0x00007ffeeaaf0000 - 0x00007ffeeab08000 	C:\WINDOWS\SYSTEM32\kernel.appcore.dll
0x00007ffed1700000 - 0x00007ffed1710000 	C:\Program Files\Java\jdk-11\bin\verify.dll
0x00007ffee91d0000 - 0x00007ffee93f1000 	C:\WINDOWS\SYSTEM32\DBGHELP.DLL
0x00007ffecbd80000 - 0x00007ffecbdb1000 	C:\WINDOWS\SYSTEM32\dbgcore.DLL
0x00007ffeec690000 - 0x00007ffeec70f000 	C:\WINDOWS\System32\bcryptPrimitives.dll
0x00007ffecefb0000 - 0x00007ffecefd8000 	C:\Program Files\Java\jdk-11\bin\java.dll
0x00007ffed16f0000 - 0x00007ffed16fa000 	C:\Program Files\Java\jdk-11\bin\jimage.dll
0x00007ffecf500000 - 0x00007ffecf50e000 	C:\Program Files\Java\jdk-11\bin\instrument.dll
0x00007ffecee20000 - 0x00007ffecee37000 	C:\Program Files\Java\jdk-11\bin\zip.dll

dbghelp: loaded successfully - version: 4.0.5 - missing functions: none
symbol engine: initialized successfully - sym options: 0x614 - pdb path: .;C:\Program Files\Java\jdk-11\bin;C:\WINDOWS\SYSTEM32;C:\WINDOWS\WinSxS\amd64_microsoft.windows.common-controls_6595b64144ccf1df_6.0.22000.2600_none_1b65155c6ae217ae;C:\Program Files\Avecto\Privilege Guard Client;C:\Program Files\Java\jdk-11\bin\server

VM Arguments:
jvm_args: -javaagent:C:\Program Files\JetBrains\IntelliJ IDEA Community Edition 2023.3.3\lib\idea_rt.jar=63844:C:\Program Files\JetBrains\IntelliJ IDEA Community Edition 2023.3.3\bin -Dfile.encoding=UTF-8 
java_command: Main
java_class_path (initial): C:\Users\2106470\Music\MyProjects\Streams&Lambda\SumOperations\out\production\SumOperations
Launcher Type: SUN_STANDARD

[Global flags]
     intx CICompilerCount                          = 4                                         {product} {ergonomic}
     uint ConcGCThreads                            = 2                                         {product} {ergonomic}
     uint G1ConcRefinementThreads                  = 8                                         {product} {ergonomic}
   size_t G1HeapRegionSize                         = 1048576                                   {product} {ergonomic}
    uintx GCDrainStackTargetSize                   = 64                                        {product} {ergonomic}
   size_t InitialHeapSize                          = 100663296                                 {product} {ergonomic}
   size_t MarkStackSize                            = 4194304                                   {product} {ergonomic}
   size_t MaxHeapSize                              = 1593835520                                {product} {ergonomic}
   size_t MinHeapDeltaBytes                        = 1048576                                   {product} {ergonomic}
    uintx NonNMethodCodeHeapSize                   = 5836300                                {pd product} {ergonomic}
    uintx NonProfiledCodeHeapSize                  = 122910970                              {pd product} {ergonomic}
    uintx ProfiledCodeHeapSize                     = 122910970                              {pd product} {ergonomic}
    uintx ReservedCodeCacheSize                    = 251658240                              {pd product} {ergonomic}
     bool SegmentedCodeCache                       = true                                      {product} {ergonomic}
     bool UseCompressedClassPointers               = true                                 {lp64_product} {ergonomic}
     bool UseCompressedOops                        = true                                 {lp64_product} {ergonomic}
     bool UseG1GC                                  = true                                      {product} {ergonomic}
     bool UseLargePagesIndividualAllocation        = false                                  {pd product} {ergonomic}

Logging:
Log output configuration:
 #0: stdout all=warning uptime,level,tags
 #1: stderr all=off uptime,level,tags

Environment Variables:
JAVA_HOME=C:\Program Files\Java\jdk-11.0.8
PATH=C:\Program Files\Common Files\Oracle\Java\javapath;C:\Users\2106470\Downloads\apache-maven-3.8.1-bin\apache-maven-3.8.1\bin;C:\WINDOWS\system32;C:\WINDOWS;C:\WINDOWS\System32\Wbem;C:\WINDOWS\System32\WindowsPowerShell\v1.0\;C:\WINDOWS\System32\OpenSSH\;C:\apache-maven-3.8.1-bin\apache-maven-3.8.1\bin;C:\Program Files\Java\jdk-11.0.8;C:\Program Files\nodejs;C:\Program Files\Git\cmd;C:\Program Files\Java\jdk-11.0.8\bin;C:\Program Files\nodejs\;C:\Program Files\MySQL\MySQL Shell 8.0\bin\;C:\Users\2106470\AppData\Local\Microsoft\WindowsApps;C:\Program Files\nodejs;C:\Program Files\sfdx\bin;C:\Users\2106470\AppData\Roaming\npm;C:\Users\2106470\AppData\Local\GitHubDesktop\bin;C:\Program Files\JetBrains\IntelliJ IDEA Community Edition 2023.3.3\bin;;C:\Users\2106470\AppData\Local\Programs\Microsoft VS Code\bin
USERNAME=2106470
OS=Windows_NT
PROCESSOR_IDENTIFIER=AMD64 Family 23 Model 24 Stepping 1, AuthenticAMD



---------------  S Y S T E M  ---------------

OS: Windows 11 , 64 bit Build 22000 (10.0.22000.2600)
Hyper-V role detected

CPU:total 8 (initial active 8) (8 cores per cpu, 2 threads per core) family 23 model 24 stepping 1 microcode 0x0, cmov, cx8, fxsr, mmx, sse, sse2, sse3, ssse3, sse4.1, sse4.2, popcnt, avx, avx2, aes, clmul, mmxext, 3dnowpref, lzcnt, sse4a, ht, tsc, tscinvbit, tscinv, bmi1, bmi2, adx, s

Memory: 4k page, system-wide physical 6077M (295M free)
TotalPageFile size 22461M (AvailPageFile size 63M)
current process WorkingSet (physical memory assigned to process): 11M, peak: 11M
current process commit charge ("private bytes"): 60M, peak: 156M

vm_info: Java HotSpot(TM) 64-Bit Server VM (11.0.18+9-LTS-195) for windows-amd64 JRE (11.0.18+9-LTS-195), built on Dec  6 2022 15:50:58 by "mach5one" with MS VC++ 17.1 (VS2022)

END.
